[2025-01-25 13:40:57] [INFO] Server is running on http://localhost:3000
[2025-01-25 13:41:42] [INFO] Server is running on http://localhost:3000
Server is running on http://localhost:3000
[2025-01-25 18:39:39] [INFO] Server is running on http://localhost:3000
[2025-01-25 18:40:41] [INFO] Server is running on http://localhost:3000
[2025-01-25 18:43:37] [INFO] Server is running on http://localhost:3000
[2025-01-25 18:46:13] [INFO] New client connected: 3Fveeqf-u3Aa4y3gAAAB
[2025-01-25 18:47:08] [INFO] Client disconnected: 3Fveeqf-u3Aa4y3gAAAB
[2025-01-25 18:47:08] [INFO] New client connected: Sg1nfoh22lQinT6lAAAD
[2025-01-25 18:47:22] [INFO] Client disconnected: Sg1nfoh22lQinT6lAAAD
[2025-01-25 18:47:22] [INFO] New client connected: qvPIUM8mHXN-gI8hAAAF
[2025-01-25 18:47:29] [INFO] Client disconnected: qvPIUM8mHXN-gI8hAAAF
[2025-01-25 18:47:29] [INFO] New client connected: As_GFWwU8V8ReeKVAAAH
[2025-01-25 18:47:48] [INFO] Client disconnected: As_GFWwU8V8ReeKVAAAH
[2025-01-25 18:47:48] [INFO] New client connected: 70v-XBQA4_4_eMHiAAAJ
[2025-01-25 18:47:52] [INFO] Client disconnected: 70v-XBQA4_4_eMHiAAAJ
[2025-01-25 18:47:52] [INFO] New client connected: mZh8eBs1U1n8gvvUAAAL
[2025-01-25 18:47:54] [INFO] Client disconnected: mZh8eBs1U1n8gvvUAAAL
[2025-01-25 18:47:54] [INFO] New client connected: se4C99PXCbEXEZtiAAAN
[2025-01-25 18:47:57] [INFO] Client disconnected: se4C99PXCbEXEZtiAAAN
[2025-01-25 18:47:58] [INFO] New client connected: CNxdDMV4VUcdnUheAAAP
[2025-01-25 18:47:59] [INFO] Client disconnected: CNxdDMV4VUcdnUheAAAP
[2025-01-25 18:48:22] [INFO] New client connected: ftKOCHaAxAQAXqTeAAAR
[2025-01-25 18:49:51] [INFO] Client disconnected: ftKOCHaAxAQAXqTeAAAR
[2025-01-25 18:52:06] [INFO] New client connected: fdGgGjJSzlfx9GUJAAAT
[2025-01-25 18:52:23] [INFO] Client disconnected: fdGgGjJSzlfx9GUJAAAT
[2025-01-25 18:57:37] [INFO] New client connected: -kPZrJq9p3VnBiv2AAAV
[2025-01-25 18:57:39] [INFO] Client disconnected: -kPZrJq9p3VnBiv2AAAV
[2025-01-25 19:03:45] [INFO] New client connected: IMR8wI_LZ3lSvrWVAAAX
[2025-01-25 19:03:51] [INFO] Client disconnected: IMR8wI_LZ3lSvrWVAAAX
[2025-01-25 19:07:48] [INFO] New client connected: NVVGtzwlGqH117hpAAAZ
[2025-01-25 19:07:50] [INFO] Client disconnected: NVVGtzwlGqH117hpAAAZ
[2025-01-25 19:09:05] [INFO] New client connected: rc1r4jk83aWotZqOAAAb
[2025-01-25 19:09:11] [INFO] Client disconnected: rc1r4jk83aWotZqOAAAb
[2025-01-25 19:11:09] [INFO] New client connected: OqQSkBUTyGnimNmUAAAd
[2025-01-25 19:11:10] [INFO] Client disconnected: OqQSkBUTyGnimNmUAAAd
[2025-01-25 19:12:03] [INFO] New client connected: gsrmysxJtCoOnL11AAAf
[2025-01-25 19:12:05] [INFO] Client disconnected: gsrmysxJtCoOnL11AAAf
[2025-01-25 19:58:31] [INFO] New client connected: j6GE-y-U-UNREhy0AAAh
[2025-01-25 19:58:33] [INFO] Client disconnected: j6GE-y-U-UNREhy0AAAh
[2025-01-25 22:35:29] [INFO] Server is running on http://localhost:3000
